<?xml version="1.0" encoding="UTF-8"?>
<testsuite xmlns:xsi="http://www.w3.org/2001/XMLSchema-instance" xsi:noNamespaceSchemaLocation="https://maven.apache.org/surefire/maven-surefire-plugin/xsd/surefire-test-report.xsd" version="3.0.2" name="com.vulpesfiscal.demo.VulpesFiscalApplicationTests" time="7.041" tests="1" errors="0" skipped="0" failures="0">
  <properties>
[...]
</properties>
  <testcase name="contextLoads" classname="com.vulpesfiscal.demo.VulpesFiscalApplicationTests" time="0.298">
    <system-out><![CDATA[18:35:33.047 [main] INFO org.springframework.test.context.support.AnnotationConfigContextLoaderUtils -- Could not detect default configuration classes for test class [com.vulpesfiscal.demo.VulpesFiscalApplicationTests]: VulpesFiscalApplicationTests does not declare any static, non-private, non-final, nested classes annotated with @Configuration.
18:35:33.176 [main] INFO org.springframework.boot.test.context.SpringBootTestContextBootstrapper -- Found @SpringBootConfiguration com.vulpesfiscal.demo.VulpesFiscalApplication for test class com.vulpesfiscal.demo.VulpesFiscalApplicationTests

  .   ____          _            __ _ _
 /\\ / ___'_ __ _ _(_)_ __  __ _ \ \ \ \
( ( )\___ | '_ | '_| | '_ \/ _` | \ \ \ \
 \\/  ___)| |_)| | | | | || (_| |  ) ) ) )
  '  |____| .__|_| |_|_| |_\__, | / / / /
 =========|_|==============|___/=/_/_/_/

 :: Spring Boot ::                (v4.0.1)

2026-04-05T18:35:33.542-03:00  INFO 6020 --- [VulpesFiscal] [           main] c.v.demo.VulpesFiscalApplicationTests    : Starting VulpesFiscalApplicationTests using Java 21.0.8 with PID 6020 (started by felip in C:\Users\felip\Desktop\Vulpes Fiscal\vulpes-fiscal)
2026-04-05T18:35:33.544-03:00  INFO 6020 --- [VulpesFiscal] [           main] c.v.demo.VulpesFiscalApplicationTests    : No active profile set, falling back to 1 default profile: "default"
2026-04-05T18:35:34.556-03:00  INFO 6020 --- [VulpesFiscal] [           main] .s.d.r.c.RepositoryConfigurationDelegate : Bootstrapping Spring Data JPA repositories in DEFAULT mode.
2026-04-05T18:35:34.683-03:00  INFO 6020 --- [VulpesFiscal] [           main] .s.d.r.c.RepositoryConfigurationDelegate : Finished Spring Data repository scanning in 119 ms. Found 11 JPA repository interfaces.
2026-04-05T18:35:35.253-03:00  INFO 6020 --- [VulpesFiscal] [           main] org.hibernate.orm.jpa                    : HHH008540: Processing PersistenceUnitInfo [name: default]
2026-04-05T18:35:35.313-03:00  INFO 6020 --- [VulpesFiscal] [           main] org.hibernate.orm.core                   : HHH000001: Hibernate ORM core version 7.2.0.Final
2026-04-05T18:35:35.605-03:00  INFO 6020 --- [VulpesFiscal] [           main] com.zaxxer.hikari.HikariDataSource       : HikariPool-1 - Starting...
2026-04-05T18:35:35.734-03:00  INFO 6020 --- [VulpesFiscal] [           main] com.zaxxer.hikari.pool.HikariPool        : HikariPool-1 - Added connection org.postgresql.jdbc.PgConnection@3f5ac587
2026-04-05T18:35:35.735-03:00  INFO 6020 --- [VulpesFiscal] [           main] com.zaxxer.hikari.HikariDataSource       : HikariPool-1 - Start completed.
2026-04-05T18:35:35.758-03:00  WARN 6020 --- [VulpesFiscal] [           main] org.hibernate.orm.deprecation            : HHH90000025: PostgreSQLDialect does not need to be specified explicitly using 'hibernate.dialect' (remove the property setting and it will be selected by default)
2026-04-05T18:35:35.776-03:00  INFO 6020 --- [VulpesFiscal] [           main] org.hibernate.orm.connections.pooling    : HHH10001005: Database info:
	Database JDBC URL [jdbc:postgresql://localhost:5432/vulpesfiscal]
	Database driver: PostgreSQL JDBC Driver
	Database dialect: PostgreSQLDialect
	Database version: 16.3
	Default catalog/schema: vulpesfiscal/public
	Autocommit mode: undefined/unknown
	Isolation level: READ_COMMITTED [default READ_COMMITTED]
	JDBC fetch size: none
	Pool: DataSourceConnectionProvider
	Minimum pool size: undefined/unknown
	Maximum pool size: undefined/unknown
2026-04-05T18:35:35.954-03:00  INFO 6020 --- [VulpesFiscal] [           main] o.s.o.j.p.SpringPersistenceUnitInfo      : No LoadTimeWeaver setup: ignoring JPA class transformer
2026-04-05T18:35:37.143-03:00  INFO 6020 --- [VulpesFiscal] [           main] org.hibernate.orm.core                   : HHH000489: No JTA platform available (set 'hibernate.transaction.jta.platform' to enable JTA platform integration)
2026-04-05T18:35:37.152-03:00  INFO 6020 --- [VulpesFiscal] [           main] j.LocalContainerEntityManagerFactoryBean : Initialized JPA EntityManagerFactory for persistence unit 'default'
2026-04-05T18:35:37.344-03:00  INFO 6020 --- [VulpesFiscal] [           main] o.s.d.j.r.query.QueryEnhancerFactories   : Hibernate is in classpath; If applicable, HQL parser will be used.
2026-04-05T18:35:38.528-03:00  WARN 6020 --- [VulpesFiscal] [           main] JpaBaseConfiguration$JpaWebConfiguration : spring.jpa.open-in-view is enabled by default. Therefore, database queries may be performed during view rendering. Explicitly configure spring.jpa.open-in-view to disable this warning
2026-04-05T18:35:38.577-03:00  INFO 6020 --- [VulpesFiscal] [           main] eAuthenticationProviderManagerConfigurer : Global AuthenticationManager configured with AuthenticationProvider bean with name customAuthenticationProvider
2026-04-05T18:35:38.577-03:00  WARN 6020 --- [VulpesFiscal] [           main] r$InitializeUserDetailsManagerConfigurer : Global AuthenticationManager configured with an AuthenticationProvider bean. UserDetailsService beans will not be used by Spring Security for automatically configuring username/password login. Consider removing the AuthenticationProvider bean. Alternatively, consider using the UserDetailsService in a manually instantiated DaoAuthenticationProvider. If the current configuration is intentional, to turn off this warning, increase the logging level of 'org.springframework.security.config.annotation.authentication.configuration.InitializeUserDetailsBeanManagerConfigurer' to ERROR
>>> ENDPOINTS MATCHER: org.springframework.security.config.annotation.web.configurers.oauth2.server.authorization.OAuth2AuthorizationServerConfigurer$$Lambda/0x0000022291cc7160@29025b1a
2026-04-05T18:35:39.068-03:00 DEBUG 6020 --- [VulpesFiscal] [           main] o.s.s.web.DefaultSecurityFilterChain     : Will secure org.springframework.security.config.annotation.web.configurers.oauth2.server.authorization.OAuth2AuthorizationServerConfigurer$$Lambda/0x0000022291cc7160@29025b1a with filters: DisableEncodeUrlFilter, WebAsyncManagerIntegrationFilter, SecurityContextHolderFilter, AuthorizationServerContextFilter, HeaderWriterFilter, CsrfFilter, OidcLogoutEndpointFilter, LogoutFilter, OAuth2AuthorizationServerMetadataEndpointFilter, OAuth2AuthorizationCodeRequestValidatingFilter, OidcProviderConfigurationEndpointFilter, NimbusJwkSetEndpointFilter, OAuth2ProtectedResourceMetadataFilter, OAuth2ClientAuthenticationFilter, BearerTokenAuthenticationFilter, AuthenticationFilter, RequestCacheAwareFilter, SecurityContextHolderAwareRequestFilter, AnonymousAuthenticationFilter, ExceptionTranslationFilter, AuthorizationFilter, OAuth2AuthorizationEndpointFilter, OAuth2TokenEndpointFilter, OAuth2TokenIntrospectionEndpointFilter, OAuth2TokenRevocationEndpointFilter, OidcUserInfoEndpointFilter
2026-04-05T18:35:39.117-03:00 DEBUG 6020 --- [VulpesFiscal] [           main] o.s.s.web.DefaultSecurityFilterChain     : Will secure any request with filters: DisableEncodeUrlFilter, WebAsyncManagerIntegrationFilter, SecurityContextHolderFilter, HeaderWriterFilter, LogoutFilter, OAuth2ProtectedResourceMetadataFilter, UsernamePasswordAuthenticationFilter, DefaultResourcesFilter, DefaultLoginPageGeneratingFilter, DefaultLogoutPageGeneratingFilter, BearerTokenAuthenticationFilter, AuthenticationFilter, RequestCacheAwareFilter, SecurityContextHolderAwareRequestFilter, AnonymousAuthenticationFilter, SessionManagementFilter, ExceptionTranslationFilter, AuthorizationFilter
2026-04-05T18:35:39.121-03:00  WARN 6020 --- [VulpesFiscal] [           main] o.s.s.c.a.web.builders.WebSecurity       : You are asking Spring Security to ignore PathPattern [/v2/api-docs/**]. This is not recommended -- please use permitAll via HttpSecurity#authorizeHttpRequests instead.
2026-04-05T18:35:39.121-03:00 DEBUG 6020 --- [VulpesFiscal] [           main] o.s.s.web.DefaultSecurityFilterChain     : Will not secure PathPattern [/v2/api-docs/**]
2026-04-05T18:35:39.121-03:00  WARN 6020 --- [VulpesFiscal] [           main] o.s.s.c.a.web.builders.WebSecurity       : You are asking Spring Security to ignore PathPattern [/v3/api-docs/**]. This is not recommended -- please use permitAll via HttpSecurity#authorizeHttpRequests instead.
2026-04-05T18:35:39.121-03:00 DEBUG 6020 --- [VulpesFiscal] [           main] o.s.s.web.DefaultSecurityFilterChain     : Will not secure PathPattern [/v3/api-docs/**]
2026-04-05T18:35:39.121-03:00  WARN 6020 --- [VulpesFiscal] [           main] o.s.s.c.a.web.builders.WebSecurity       : You are asking Spring Security to ignore PathPattern [/swagger/resources]. This is not recommended -- please use permitAll via HttpSecurity#authorizeHttpRequests instead.
2026-04-05T18:35:39.121-03:00 DEBUG 6020 --- [VulpesFiscal] [           main] o.s.s.web.DefaultSecurityFilterChain     : Will not secure PathPattern [/swagger/resources]
2026-04-05T18:35:39.121-03:00  WARN 6020 --- [VulpesFiscal] [           main] o.s.s.c.a.web.builders.WebSecurity       : You are asking Spring Security to ignore PathPattern [/swagger-ui.html]. This is not recommended -- please use permitAll via HttpSecurity#authorizeHttpRequests instead.
2026-04-05T18:35:39.121-03:00 DEBUG 6020 --- [VulpesFiscal] [           main] o.s.s.web.DefaultSecurityFilterChain     : Will not secure PathPattern [/swagger-ui.html]
2026-04-05T18:35:39.121-03:00  WARN 6020 --- [VulpesFiscal] [           main] o.s.s.c.a.web.builders.WebSecurity       : You are asking Spring Security to ignore PathPattern [/swagger-ui/**]. This is not recommended -- please use permitAll via HttpSecurity#authorizeHttpRequests instead.
2026-04-05T18:35:39.121-03:00 DEBUG 6020 --- [VulpesFiscal] [           main] o.s.s.web.DefaultSecurityFilterChain     : Will not secure PathPattern [/swagger-ui/**]
2026-04-05T18:35:39.121-03:00  WARN 6020 --- [VulpesFiscal] [           main] o.s.s.c.a.web.builders.WebSecurity       : You are asking Spring Security to ignore PathPattern [/webjars/**]. This is not recommended -- please use permitAll via HttpSecurity#authorizeHttpRequests instead.
2026-04-05T18:35:39.122-03:00 DEBUG 6020 --- [VulpesFiscal] [           main] o.s.s.web.DefaultSecurityFilterChain     : Will not secure PathPattern [/webjars/**]
2026-04-05T18:35:39.609-03:00  INFO 6020 --- [VulpesFiscal] [           main] c.v.demo.VulpesFiscalApplicationTests    : Started VulpesFiscalApplicationTests in 6.314 seconds (process running for 7.355)
2026-04-05T18:35:39.612-03:00  WARN 6020 --- [VulpesFiscal] [           main] o.s.core.events.SpringDocAppInitializer  : SpringDoc /v3/api-docs endpoint is enabled by default. To disable it in production, set the property 'springdoc.api-docs.enabled=false'
2026-04-05T18:35:39.612-03:00  WARN 6020 --- [VulpesFiscal] [           main] o.s.core.events.SpringDocAppInitializer  : SpringDoc /swagger-ui.html endpoint is enabled by default. To disable it in production, set the property 'springdoc.swagger-ui.enabled=false'
]]></system-out>
    <system-err><![CDATA[Mockito is currently self-attaching to enable the inline-mock-maker. This will no longer work in future releases of the JDK. Please add Mockito as an agent to your build as described in Mockito's documentation: https://javadoc.io/doc/org.mockito/mockito-core/latest/org.mockito/org/mockito/Mockito.html#0.3
WARNING: A Java agent has been loaded dynamically (C:\Users\felip\.m2\repository\net\bytebuddy\byte-buddy-agent\1.17.8\byte-buddy-agent-1.17.8.jar)
WARNING: If a serviceability tool is in use, please run with -XX:+EnableDynamicAgentLoading to hide this warning
WARNING: If a serviceability tool is not in use, please run with -Djdk.instrument.traceUsage for more information
WARNING: Dynamic loading of agents will be disallowed by default in a future release
]]></system-err>
  </testcase>
</testsuite>